0 info it worked if it ends with ok
1 verbose cli [ '/home/wylie/.nvm/versions/io.js/v2.0.1/bin/iojs',
1 verbose cli   '/home/wylie/.nvm/versions/io.js/v2.0.1/bin/npm',
1 verbose cli   'install' ]
2 info using npm@2.11.0
3 info using node@v2.0.1
4 verbose readDependencies loading dependencies from /home/wylie/Desktop/GUI_workshop/package.json
5 warn package.json @ No repository field.
6 warn package.json @ No license field.
7 verbose install where, deps [ '/home/wylie/Desktop/GUI_workshop',
7 verbose install   [ 'redis',
7 verbose install     'react-hot-loader',
7 verbose install     'babel-loader',
7 verbose install     'shortid',
7 verbose install     'source-map-loader',
7 verbose install     'immutable',
7 verbose install     'webpack-dev-middleware',
7 verbose install     'extract-text-webpack-plugin',
7 verbose install     'file-loader',
7 verbose install     'style-loader',
7 verbose install     'css-loader',
7 verbose install     'stylus-loader',
7 verbose install     'webpack-dev-server',
7 verbose install     'coffee-loader',
7 verbose install     'webpack' ] ]
8 verbose install where, peers [ '/home/wylie/Desktop/GUI_workshop', [] ]
9 verbose installManyTop reading for lifecycle /home/wylie/Desktop/GUI_workshop/package.json
10 info preinstall @
11 verbose installManyTop reading scoped package data from /home/wylie/Desktop/GUI_workshop/node_modules/babel-core/package.json
12 verbose installManyTop reading scoped package data from /home/wylie/Desktop/GUI_workshop/node_modules/babel-loader/package.json
13 verbose installManyTop reading scoped package data from /home/wylie/Desktop/GUI_workshop/node_modules/coffee-loader/package.json
14 verbose installManyTop reading scoped package data from /home/wylie/Desktop/GUI_workshop/node_modules/coffee-script/package.json
15 verbose installManyTop reading scoped package data from /home/wylie/Desktop/GUI_workshop/node_modules/css-loader/package.json
16 verbose installManyTop reading scoped package data from /home/wylie/Desktop/GUI_workshop/node_modules/extract-text-webpack-plugin/package.json
17 verbose installManyTop reading scoped package data from /home/wylie/Desktop/GUI_workshop/node_modules/file-loader/package.json
18 verbose installManyTop reading scoped package data from /home/wylie/Desktop/GUI_workshop/node_modules/immutable/package.json
19 verbose installManyTop reading scoped package data from /home/wylie/Desktop/GUI_workshop/node_modules/node-libs-browser/package.json
20 verbose installManyTop reading scoped package data from /home/wylie/Desktop/GUI_workshop/node_modules/react/package.json
21 verbose installManyTop reading scoped package data from /home/wylie/Desktop/GUI_workshop/node_modules/react-hot-loader/package.json
22 verbose installManyTop reading scoped package data from /home/wylie/Desktop/GUI_workshop/node_modules/react-tools/package.json
23 verbose installManyTop reading scoped package data from /home/wylie/Desktop/GUI_workshop/node_modules/redis/package.json
24 verbose installManyTop reading scoped package data from /home/wylie/Desktop/GUI_workshop/node_modules/shortid/package.json
25 verbose installManyTop reading scoped package data from /home/wylie/Desktop/GUI_workshop/node_modules/source-map-loader/package.json
26 verbose installManyTop reading scoped package data from /home/wylie/Desktop/GUI_workshop/node_modules/style-loader/package.json
27 verbose installManyTop reading scoped package data from /home/wylie/Desktop/GUI_workshop/node_modules/stylus-loader/package.json
28 verbose installManyTop reading scoped package data from /home/wylie/Desktop/GUI_workshop/node_modules/webpack/package.json
29 verbose installManyTop reading scoped package data from /home/wylie/Desktop/GUI_workshop/node_modules/webpack-dev-middleware/package.json
30 verbose installManyTop reading scoped package data from /home/wylie/Desktop/GUI_workshop/node_modules/webpack-dev-server/package.json
31 info package.json coffee-loader@0.7.2 No license field.
32 info package.json source-map-loader@0.1.5 No license field.
33 info package.json redis@0.12.1 No license field.
34 info package.json webpack-dev-middleware@1.1.0 No license field.
35 verbose readDependencies loading dependencies from /home/wylie/Desktop/GUI_workshop/package.json
36 verbose targetResolver reading package data from /home/wylie/Desktop/GUI_workshop/node_modules/babel-core/package.json
37 verbose targetResolver reading package data from /home/wylie/Desktop/GUI_workshop/node_modules/babel-loader/package.json
38 verbose targetResolver reading package data from /home/wylie/Desktop/GUI_workshop/node_modules/coffee-loader/package.json
39 verbose targetResolver reading package data from /home/wylie/Desktop/GUI_workshop/node_modules/coffee-script/package.json
40 verbose targetResolver reading package data from /home/wylie/Desktop/GUI_workshop/node_modules/css-loader/package.json
41 verbose targetResolver reading package data from /home/wylie/Desktop/GUI_workshop/node_modules/extract-text-webpack-plugin/package.json
42 verbose targetResolver reading package data from /home/wylie/Desktop/GUI_workshop/node_modules/file-loader/package.json
43 verbose targetResolver reading package data from /home/wylie/Desktop/GUI_workshop/node_modules/immutable/package.json
44 verbose targetResolver reading package data from /home/wylie/Desktop/GUI_workshop/node_modules/node-libs-browser/package.json
45 verbose targetResolver reading package data from /home/wylie/Desktop/GUI_workshop/node_modules/react/package.json
46 verbose targetResolver reading package data from /home/wylie/Desktop/GUI_workshop/node_modules/react-hot-loader/package.json
47 verbose targetResolver reading package data from /home/wylie/Desktop/GUI_workshop/node_modules/react-tools/package.json
48 verbose targetResolver reading package data from /home/wylie/Desktop/GUI_workshop/node_modules/redis/package.json
49 verbose targetResolver reading package data from /home/wylie/Desktop/GUI_workshop/node_modules/shortid/package.json
50 verbose targetResolver reading package data from /home/wylie/Desktop/GUI_workshop/node_modules/source-map-loader/package.json
51 verbose targetResolver reading package data from /home/wylie/Desktop/GUI_workshop/node_modules/style-loader/package.json
52 verbose targetResolver reading package data from /home/wylie/Desktop/GUI_workshop/node_modules/stylus-loader/package.json
53 verbose targetResolver reading package data from /home/wylie/Desktop/GUI_workshop/node_modules/webpack/package.json
54 verbose targetResolver reading package data from /home/wylie/Desktop/GUI_workshop/node_modules/webpack-dev-middleware/package.json
55 verbose targetResolver reading package data from /home/wylie/Desktop/GUI_workshop/node_modules/webpack-dev-server/package.json
56 verbose targetResolver reading package data from /home/wylie/Desktop/GUI_workshop/node_modules/.bin/cake/package.json
57 verbose targetResolver reading package data from /home/wylie/Desktop/GUI_workshop/node_modules/.bin/coffee/package.json
58 verbose targetResolver reading package data from /home/wylie/Desktop/GUI_workshop/node_modules/.bin/jsx/package.json
59 verbose targetResolver reading package data from /home/wylie/Desktop/GUI_workshop/node_modules/.bin/webpack/package.json
60 verbose targetResolver reading package data from /home/wylie/Desktop/GUI_workshop/node_modules/.bin/webpack-dev-server/package.json
61 silly cache add args [ 'webpack@latest', null ]
62 verbose cache add spec webpack@latest
63 silly cache add parsed spec { raw: 'webpack@latest',
63 silly cache add   scope: null,
63 silly cache add   name: 'webpack',
63 silly cache add   rawSpec: 'latest',
63 silly cache add   spec: 'latest',
63 silly cache add   type: 'tag' }
64 silly addNamed webpack@latest
65 verbose addNamed "latest" is being treated as a dist-tag for webpack
66 info addNameTag [ 'webpack', 'latest' ]
67 silly mapToRegistry name webpack
68 silly mapToRegistry using default registry
69 silly mapToRegistry registry https://registry.npmjs.org/
70 silly mapToRegistry uri https://registry.npmjs.org/webpack
71 verbose addNameTag registry:https://registry.npmjs.org/webpack not in flight; fetching
72 silly cache add args [ 'redis@latest', null ]
73 verbose cache add spec redis@latest
74 silly cache add args [ 'react-hot-loader@latest', null ]
75 verbose cache add spec react-hot-loader@latest
76 silly cache add args [ 'babel-loader@latest', null ]
77 verbose cache add spec babel-loader@latest
78 silly cache add args [ 'shortid@latest', null ]
79 verbose cache add spec shortid@latest
80 silly cache add args [ 'source-map-loader@latest', null ]
81 verbose cache add spec source-map-loader@latest
82 silly cache add args [ 'immutable@latest', null ]
83 verbose cache add spec immutable@latest
84 silly cache add args [ 'webpack-dev-middleware@latest', null ]
85 verbose cache add spec webpack-dev-middleware@latest
86 silly cache add args [ 'extract-text-webpack-plugin@latest', null ]
87 verbose cache add spec extract-text-webpack-plugin@latest
88 silly cache add args [ 'file-loader@latest', null ]
89 verbose cache add spec file-loader@latest
90 silly cache add args [ 'style-loader@latest', null ]
91 verbose cache add spec style-loader@latest
92 silly cache add args [ 'css-loader@latest', null ]
93 verbose cache add spec css-loader@latest
94 silly cache add args [ 'stylus-loader@latest', null ]
95 verbose cache add spec stylus-loader@latest
96 silly cache add args [ 'webpack-dev-server@latest', null ]
97 verbose cache add spec webpack-dev-server@latest
98 silly cache add args [ 'coffee-loader@latest', null ]
99 verbose cache add spec coffee-loader@latest
100 verbose request uri https://registry.npmjs.org/webpack
101 verbose request no auth needed
102 info attempt registry request try #1 at 12:15:59
103 verbose request id b3877bb2f1a6f90a
104 http request GET https://registry.npmjs.org/webpack
105 silly cache add parsed spec { raw: 'redis@latest',
105 silly cache add   scope: null,
105 silly cache add   name: 'redis',
105 silly cache add   rawSpec: 'latest',
105 silly cache add   spec: 'latest',
105 silly cache add   type: 'tag' }
106 silly addNamed redis@latest
107 verbose addNamed "latest" is being treated as a dist-tag for redis
108 info addNameTag [ 'redis', 'latest' ]
109 silly mapToRegistry name redis
110 silly mapToRegistry using default registry
111 silly mapToRegistry registry https://registry.npmjs.org/
112 silly mapToRegistry uri https://registry.npmjs.org/redis
113 verbose addNameTag registry:https://registry.npmjs.org/redis not in flight; fetching
114 silly cache add parsed spec { raw: 'react-hot-loader@latest',
114 silly cache add   scope: null,
114 silly cache add   name: 'react-hot-loader',
114 silly cache add   rawSpec: 'latest',
114 silly cache add   spec: 'latest',
114 silly cache add   type: 'tag' }
115 silly addNamed react-hot-loader@latest
116 verbose addNamed "latest" is being treated as a dist-tag for react-hot-loader
117 info addNameTag [ 'react-hot-loader', 'latest' ]
118 silly mapToRegistry name react-hot-loader
119 silly mapToRegistry using default registry
120 silly mapToRegistry registry https://registry.npmjs.org/
121 silly mapToRegistry uri https://registry.npmjs.org/react-hot-loader
122 verbose addNameTag registry:https://registry.npmjs.org/react-hot-loader not in flight; fetching
123 silly cache add parsed spec { raw: 'babel-loader@latest',
123 silly cache add   scope: null,
123 silly cache add   name: 'babel-loader',
123 silly cache add   rawSpec: 'latest',
123 silly cache add   spec: 'latest',
123 silly cache add   type: 'tag' }
124 silly addNamed babel-loader@latest
125 verbose addNamed "latest" is being treated as a dist-tag for babel-loader
126 info addNameTag [ 'babel-loader', 'latest' ]
127 silly mapToRegistry name babel-loader
128 silly mapToRegistry using default registry
129 silly mapToRegistry registry https://registry.npmjs.org/
130 silly mapToRegistry uri https://registry.npmjs.org/babel-loader
131 verbose addNameTag registry:https://registry.npmjs.org/babel-loader not in flight; fetching
132 silly cache add parsed spec { raw: 'shortid@latest',
132 silly cache add   scope: null,
132 silly cache add   name: 'shortid',
132 silly cache add   rawSpec: 'latest',
132 silly cache add   spec: 'latest',
132 silly cache add   type: 'tag' }
133 silly addNamed shortid@latest
134 verbose addNamed "latest" is being treated as a dist-tag for shortid
135 info addNameTag [ 'shortid', 'latest' ]
136 silly mapToRegistry name shortid
137 silly mapToRegistry using default registry
138 silly mapToRegistry registry https://registry.npmjs.org/
139 silly mapToRegistry uri https://registry.npmjs.org/shortid
140 verbose addNameTag registry:https://registry.npmjs.org/shortid not in flight; fetching
141 silly cache add parsed spec { raw: 'source-map-loader@latest',
141 silly cache add   scope: null,
141 silly cache add   name: 'source-map-loader',
141 silly cache add   rawSpec: 'latest',
141 silly cache add   spec: 'latest',
141 silly cache add   type: 'tag' }
142 silly addNamed source-map-loader@latest
143 verbose addNamed "latest" is being treated as a dist-tag for source-map-loader
144 info addNameTag [ 'source-map-loader', 'latest' ]
145 silly mapToRegistry name source-map-loader
146 silly mapToRegistry using default registry
147 silly mapToRegistry registry https://registry.npmjs.org/
148 silly mapToRegistry uri https://registry.npmjs.org/source-map-loader
149 verbose addNameTag registry:https://registry.npmjs.org/source-map-loader not in flight; fetching
150 silly cache add parsed spec { raw: 'immutable@latest',
150 silly cache add   scope: null,
150 silly cache add   name: 'immutable',
150 silly cache add   rawSpec: 'latest',
150 silly cache add   spec: 'latest',
150 silly cache add   type: 'tag' }
151 silly addNamed immutable@latest
152 verbose addNamed "latest" is being treated as a dist-tag for immutable
153 info addNameTag [ 'immutable', 'latest' ]
154 silly mapToRegistry name immutable
155 silly mapToRegistry using default registry
156 silly mapToRegistry registry https://registry.npmjs.org/
157 silly mapToRegistry uri https://registry.npmjs.org/immutable
158 verbose addNameTag registry:https://registry.npmjs.org/immutable not in flight; fetching
159 silly cache add parsed spec { raw: 'webpack-dev-middleware@latest',
159 silly cache add   scope: null,
159 silly cache add   name: 'webpack-dev-middleware',
159 silly cache add   rawSpec: 'latest',
159 silly cache add   spec: 'latest',
159 silly cache add   type: 'tag' }
160 silly addNamed webpack-dev-middleware@latest
161 verbose addNamed "latest" is being treated as a dist-tag for webpack-dev-middleware
162 info addNameTag [ 'webpack-dev-middleware', 'latest' ]
163 silly mapToRegistry name webpack-dev-middleware
164 silly mapToRegistry using default registry
165 silly mapToRegistry registry https://registry.npmjs.org/
166 silly mapToRegistry uri https://registry.npmjs.org/webpack-dev-middleware
167 verbose addNameTag registry:https://registry.npmjs.org/webpack-dev-middleware not in flight; fetching
168 silly cache add parsed spec { raw: 'extract-text-webpack-plugin@latest',
168 silly cache add   scope: null,
168 silly cache add   name: 'extract-text-webpack-plugin',
168 silly cache add   rawSpec: 'latest',
168 silly cache add   spec: 'latest',
168 silly cache add   type: 'tag' }
169 silly addNamed extract-text-webpack-plugin@latest
170 verbose addNamed "latest" is being treated as a dist-tag for extract-text-webpack-plugin
171 info addNameTag [ 'extract-text-webpack-plugin', 'latest' ]
172 silly mapToRegistry name extract-text-webpack-plugin
173 silly mapToRegistry using default registry
174 silly mapToRegistry registry https://registry.npmjs.org/
175 silly mapToRegistry uri https://registry.npmjs.org/extract-text-webpack-plugin
176 verbose addNameTag registry:https://registry.npmjs.org/extract-text-webpack-plugin not in flight; fetching
177 silly cache add parsed spec { raw: 'file-loader@latest',
177 silly cache add   scope: null,
177 silly cache add   name: 'file-loader',
177 silly cache add   rawSpec: 'latest',
177 silly cache add   spec: 'latest',
177 silly cache add   type: 'tag' }
178 silly addNamed file-loader@latest
179 verbose addNamed "latest" is being treated as a dist-tag for file-loader
180 info addNameTag [ 'file-loader', 'latest' ]
181 silly mapToRegistry name file-loader
182 silly mapToRegistry using default registry
183 silly mapToRegistry registry https://registry.npmjs.org/
184 silly mapToRegistry uri https://registry.npmjs.org/file-loader
185 verbose addNameTag registry:https://registry.npmjs.org/file-loader not in flight; fetching
186 silly cache add parsed spec { raw: 'style-loader@latest',
186 silly cache add   scope: null,
186 silly cache add   name: 'style-loader',
186 silly cache add   rawSpec: 'latest',
186 silly cache add   spec: 'latest',
186 silly cache add   type: 'tag' }
187 silly addNamed style-loader@latest
188 verbose addNamed "latest" is being treated as a dist-tag for style-loader
189 info addNameTag [ 'style-loader', 'latest' ]
190 silly mapToRegistry name style-loader
191 silly mapToRegistry using default registry
192 silly mapToRegistry registry https://registry.npmjs.org/
193 silly mapToRegistry uri https://registry.npmjs.org/style-loader
194 verbose addNameTag registry:https://registry.npmjs.org/style-loader not in flight; fetching
195 silly cache add parsed spec { raw: 'css-loader@latest',
195 silly cache add   scope: null,
195 silly cache add   name: 'css-loader',
195 silly cache add   rawSpec: 'latest',
195 silly cache add   spec: 'latest',
195 silly cache add   type: 'tag' }
196 silly addNamed css-loader@latest
197 verbose addNamed "latest" is being treated as a dist-tag for css-loader
198 info addNameTag [ 'css-loader', 'latest' ]
199 silly mapToRegistry name css-loader
200 silly mapToRegistry using default registry
201 silly mapToRegistry registry https://registry.npmjs.org/
202 silly mapToRegistry uri https://registry.npmjs.org/css-loader
203 verbose addNameTag registry:https://registry.npmjs.org/css-loader not in flight; fetching
204 silly cache add parsed spec { raw: 'stylus-loader@latest',
204 silly cache add   scope: null,
204 silly cache add   name: 'stylus-loader',
204 silly cache add   rawSpec: 'latest',
204 silly cache add   spec: 'latest',
204 silly cache add   type: 'tag' }
205 silly addNamed stylus-loader@latest
206 verbose addNamed "latest" is being treated as a dist-tag for stylus-loader
207 info addNameTag [ 'stylus-loader', 'latest' ]
208 silly mapToRegistry name stylus-loader
209 silly mapToRegistry using default registry
210 silly mapToRegistry registry https://registry.npmjs.org/
211 silly mapToRegistry uri https://registry.npmjs.org/stylus-loader
212 verbose addNameTag registry:https://registry.npmjs.org/stylus-loader not in flight; fetching
213 silly cache add parsed spec { raw: 'webpack-dev-server@latest',
213 silly cache add   scope: null,
213 silly cache add   name: 'webpack-dev-server',
213 silly cache add   rawSpec: 'latest',
213 silly cache add   spec: 'latest',
213 silly cache add   type: 'tag' }
214 silly addNamed webpack-dev-server@latest
215 verbose addNamed "latest" is being treated as a dist-tag for webpack-dev-server
216 info addNameTag [ 'webpack-dev-server', 'latest' ]
217 silly mapToRegistry name webpack-dev-server
218 silly mapToRegistry using default registry
219 silly mapToRegistry registry https://registry.npmjs.org/
220 silly mapToRegistry uri https://registry.npmjs.org/webpack-dev-server
221 verbose addNameTag registry:https://registry.npmjs.org/webpack-dev-server not in flight; fetching
222 silly cache add parsed spec { raw: 'coffee-loader@latest',
222 silly cache add   scope: null,
222 silly cache add   name: 'coffee-loader',
222 silly cache add   rawSpec: 'latest',
222 silly cache add   spec: 'latest',
222 silly cache add   type: 'tag' }
223 silly addNamed coffee-loader@latest
224 verbose addNamed "latest" is being treated as a dist-tag for coffee-loader
225 info addNameTag [ 'coffee-loader', 'latest' ]
226 silly mapToRegistry name coffee-loader
227 silly mapToRegistry using default registry
228 silly mapToRegistry registry https://registry.npmjs.org/
229 silly mapToRegistry uri https://registry.npmjs.org/coffee-loader
230 verbose addNameTag registry:https://registry.npmjs.org/coffee-loader not in flight; fetching
231 verbose request uri https://registry.npmjs.org/redis
232 verbose request no auth needed
233 info attempt registry request try #1 at 12:15:59
234 http request GET https://registry.npmjs.org/redis
235 verbose request uri https://registry.npmjs.org/react-hot-loader
236 verbose request no auth needed
237 info attempt registry request try #1 at 12:15:59
238 http request GET https://registry.npmjs.org/react-hot-loader
239 verbose request uri https://registry.npmjs.org/babel-loader
240 verbose request no auth needed
241 info attempt registry request try #1 at 12:15:59
242 http request GET https://registry.npmjs.org/babel-loader
243 verbose request uri https://registry.npmjs.org/shortid
244 verbose request no auth needed
245 info attempt registry request try #1 at 12:15:59
246 http request GET https://registry.npmjs.org/shortid
247 verbose request uri https://registry.npmjs.org/source-map-loader
248 verbose request no auth needed
249 info attempt registry request try #1 at 12:15:59
250 http request GET https://registry.npmjs.org/source-map-loader
251 verbose request uri https://registry.npmjs.org/immutable
252 verbose request no auth needed
253 info attempt registry request try #1 at 12:15:59
254 http request GET https://registry.npmjs.org/immutable
255 verbose request uri https://registry.npmjs.org/webpack-dev-middleware
256 verbose request no auth needed
257 info attempt registry request try #1 at 12:15:59
258 http request GET https://registry.npmjs.org/webpack-dev-middleware
259 verbose request uri https://registry.npmjs.org/extract-text-webpack-plugin
260 verbose request no auth needed
261 info attempt registry request try #1 at 12:15:59
262 http request GET https://registry.npmjs.org/extract-text-webpack-plugin
263 verbose request uri https://registry.npmjs.org/file-loader
264 verbose request no auth needed
265 info attempt registry request try #1 at 12:15:59
266 http request GET https://registry.npmjs.org/file-loader
267 verbose request uri https://registry.npmjs.org/style-loader
268 verbose request no auth needed
269 info attempt registry request try #1 at 12:15:59
270 http request GET https://registry.npmjs.org/style-loader
271 verbose request uri https://registry.npmjs.org/css-loader
272 verbose request no auth needed
273 info attempt registry request try #1 at 12:15:59
274 http request GET https://registry.npmjs.org/css-loader
275 verbose request uri https://registry.npmjs.org/stylus-loader
276 verbose request no auth needed
277 info attempt registry request try #1 at 12:15:59
278 http request GET https://registry.npmjs.org/stylus-loader
279 verbose request uri https://registry.npmjs.org/webpack-dev-server
280 verbose request no auth needed
281 info attempt registry request try #1 at 12:15:59
282 http request GET https://registry.npmjs.org/webpack-dev-server
283 verbose request uri https://registry.npmjs.org/coffee-loader
284 verbose request no auth needed
285 info attempt registry request try #1 at 12:15:59
286 http request GET https://registry.npmjs.org/coffee-loader
287 http 200 https://registry.npmjs.org/redis
288 silly get cb [ 200,
288 silly get   { server: 'CouchDB/1.5.0 (Erlang OTP/R16B03)',
288 silly get     etag: '"98VTJJ0QB0ENQP48GK1MF63RQ"',
288 silly get     'content-type': 'application/json',
288 silly get     'cache-control': 'max-age=60',
288 silly get     'content-length': '87818',
288 silly get     'accept-ranges': 'bytes',
288 silly get     date: 'Tue, 23 Jun 2015 09:16:15 GMT',
288 silly get     via: '1.1 varnish',
288 silly get     age: '45',
288 silly get     connection: 'keep-alive',
288 silly get     'x-served-by': 'cache-fra1236-FRA',
288 silly get     'x-cache': 'HIT',
288 silly get     'x-cache-hits': '2',
288 silly get     'x-timer': 'S1435050975.286655,VS0,VE0',
288 silly get     vary: 'Accept' } ]
289 verbose get saving redis to /home/wylie/.npm/registry.npmjs.org/redis/.cache.json
290 http 200 https://registry.npmjs.org/react-hot-loader
291 silly get cb [ 200,
291 silly get   { server: 'CouchDB/1.5.0 (Erlang OTP/R16B03)',
291 silly get     etag: '"DKQ4S8CHNNG90Q3Q2C5BBVR3V"',
291 silly get     'content-type': 'application/json',
291 silly get     'cache-control': 'max-age=60',
291 silly get     'content-length': '65906',
291 silly get     'accept-ranges': 'bytes',
291 silly get     date: 'Tue, 23 Jun 2015 09:16:15 GMT',
291 silly get     via: '1.1 varnish',
291 silly get     age: '39',
291 silly get     connection: 'keep-alive',
291 silly get     'x-served-by': 'cache-fra1236-FRA',
291 silly get     'x-cache': 'HIT',
291 silly get     'x-cache-hits': '1',
291 silly get     'x-timer': 'S1435050975.334874,VS0,VE0',
291 silly get     vary: 'Accept' } ]
292 verbose get saving react-hot-loader to /home/wylie/.npm/registry.npmjs.org/react-hot-loader/.cache.json
293 http 200 https://registry.npmjs.org/babel-loader
294 silly get cb [ 200,
294 silly get   { server: 'CouchDB/1.5.0 (Erlang OTP/R16B03)',
294 silly get     etag: '"51EKZ8T738NSGIWFWYFDSC4Z9"',
294 silly get     'content-type': 'application/json',
294 silly get     'cache-control': 'max-age=60',
294 silly get     'content-length': '19437',
294 silly get     'accept-ranges': 'bytes',
294 silly get     date: 'Tue, 23 Jun 2015 09:16:15 GMT',
294 silly get     via: '1.1 varnish',
294 silly get     age: '0',
294 silly get     connection: 'keep-alive',
294 silly get     'x-served-by': 'cache-fra1244-FRA',
294 silly get     'x-cache': 'HIT',
294 silly get     'x-cache-hits': '1',
294 silly get     'x-timer': 'S1435050975.308692,VS0,VE398',
294 silly get     vary: 'Accept' } ]
295 verbose get saving babel-loader to /home/wylie/.npm/registry.npmjs.org/babel-loader/.cache.json
296 http 200 https://registry.npmjs.org/webpack
297 silly get cb [ 200,
297 silly get   { server: 'CouchDB/1.5.0 (Erlang OTP/R16B03)',
297 silly get     etag: '"53SLN760PW6LU0025LP4SJ1PC"',
297 silly get     'content-type': 'application/json',
297 silly get     'cache-control': 'max-age=60',
297 silly get     'content-length': '658717',
297 silly get     'accept-ranges': 'bytes',
297 silly get     date: 'Tue, 23 Jun 2015 09:16:15 GMT',
297 silly get     via: '1.1 varnish',
297 silly get     age: '0',
297 silly get     connection: 'keep-alive',
297 silly get     'x-served-by': 'cache-fra1223-FRA',
297 silly get     'x-cache': 'HIT',
297 silly get     'x-cache-hits': '1',
297 silly get     'x-timer': 'S1435050975.235148,VS0,VE184',
297 silly get     vary: 'Accept' } ]
298 verbose get saving webpack to /home/wylie/.npm/registry.npmjs.org/webpack/.cache.json
299 http 200 https://registry.npmjs.org/webpack-dev-middleware
300 silly get cb [ 200,
300 silly get   { server: 'CouchDB/1.5.0 (Erlang OTP/R16B03)',
300 silly get     etag: '"CGA45TSQA2HQWSFT8L95HPIV5"',
300 silly get     'content-type': 'application/json',
300 silly get     'cache-control': 'max-age=60',
300 silly get     'content-length': '32623',
300 silly get     'accept-ranges': 'bytes',
300 silly get     date: 'Tue, 23 Jun 2015 09:16:20 GMT',
300 silly get     via: '1.1 varnish',
300 silly get     age: '42',
300 silly get     connection: 'keep-alive',
300 silly get     'x-served-by': 'cache-fra1229-FRA',
300 silly get     'x-cache': 'HIT',
300 silly get     'x-cache-hits': '1',
300 silly get     'x-timer': 'S1435050980.337289,VS0,VE0',
300 silly get     vary: 'Accept' } ]
301 verbose get saving webpack-dev-middleware to /home/wylie/.npm/registry.npmjs.org/webpack-dev-middleware/.cache.json
302 http 200 https://registry.npmjs.org/shortid
303 silly get cb [ 200,
303 silly get   { server: 'CouchDB/1.5.0 (Erlang OTP/R16B03)',
303 silly get     etag: '"CVAXQZGFIHZTBVTU9BDYJRHW6"',
303 silly get     'content-type': 'application/json',
303 silly get     'cache-control': 'max-age=60',
303 silly get     'content-length': '32069',
303 silly get     'accept-ranges': 'bytes',
303 silly get     date: 'Tue, 23 Jun 2015 09:16:20 GMT',
303 silly get     via: '1.1 varnish',
303 silly get     age: '0',
303 silly get     connection: 'keep-alive',
303 silly get     'x-served-by': 'cache-fra1221-FRA',
303 silly get     'x-cache': 'HIT',
303 silly get     'x-cache-hits': '1',
303 silly get     'x-timer': 'S1435050980.254416,VS0,VE171',
303 silly get     vary: 'Accept' } ]
304 verbose get saving shortid to /home/wylie/.npm/registry.npmjs.org/shortid/.cache.json
305 http 200 https://registry.npmjs.org/immutable
306 silly get cb [ 200,
306 silly get   { server: 'CouchDB/1.5.0 (Erlang OTP/R16B03)',
306 silly get     etag: '"66NB1AY79YIE7AQYXMKMT3ZDE"',
306 silly get     'content-type': 'application/json',
306 silly get     'cache-control': 'max-age=60',
306 silly get     'content-length': '109154',
306 silly get     'accept-ranges': 'bytes',
306 silly get     date: 'Tue, 23 Jun 2015 09:16:20 GMT',
306 silly get     via: '1.1 varnish',
306 silly get     age: '0',
306 silly get     connection: 'keep-alive',
306 silly get     'x-served-by': 'cache-fra1241-FRA',
306 silly get     'x-cache': 'HIT',
306 silly get     'x-cache-hits': '1',
306 silly get     'x-timer': 'S1435050980.283105,VS0,VE387',
306 silly get     vary: 'Accept' } ]
307 verbose get saving immutable to /home/wylie/.npm/registry.npmjs.org/immutable/.cache.json
308 http 200 https://registry.npmjs.org/source-map-loader
309 silly get cb [ 200,
309 silly get   { server: 'CouchDB/1.5.0 (Erlang OTP/R16B03)',
309 silly get     etag: '"6UV64URET0H8RW8TEWT2LPMH"',
309 silly get     'content-type': 'application/json',
309 silly get     'cache-control': 'max-age=60',
309 silly get     'content-length': '7876',
309 silly get     'accept-ranges': 'bytes',
309 silly get     date: 'Tue, 23 Jun 2015 09:16:21 GMT',
309 silly get     via: '1.1 varnish',
309 silly get     age: '0',
309 silly get     connection: 'keep-alive',
309 silly get     'x-served-by': 'cache-fra1245-FRA',
309 silly get     'x-cache': 'HIT',
309 silly get     'x-cache-hits': '1',
309 silly get     'x-timer': 'S1435050980.327963,VS0,VE688',
309 silly get     vary: 'Accept' } ]
310 verbose get saving source-map-loader to /home/wylie/.npm/registry.npmjs.org/source-map-loader/.cache.json
311 verbose getCacheStat cache creation not in flight; initializing
312 verbose getCacheStat cache creation already in flight; waiting
313 verbose getCacheStat cache creation already in flight; waiting
314 verbose getCacheStat cache creation already in flight; waiting
315 verbose getCacheStat cache creation already in flight; waiting
316 verbose getCacheStat cache creation already in flight; waiting
317 verbose getCacheStat cache creation already in flight; waiting
318 verbose getCacheStat cache creation already in flight; waiting
319 silly addNameTag next cb for react-hot-loader with tag latest
320 silly addNamed react-hot-loader@1.2.7
321 verbose addNamed "1.2.7" is a plain semver version for react-hot-loader
322 silly addNameTag next cb for babel-loader with tag latest
323 silly addNamed babel-loader@5.1.4
324 verbose addNamed "5.1.4" is a plain semver version for babel-loader
325 silly addNameTag next cb for webpack with tag latest
326 silly addNamed webpack@1.9.11
327 verbose addNamed "1.9.11" is a plain semver version for webpack
328 silly addNameTag next cb for webpack-dev-middleware with tag latest
329 silly addNamed webpack-dev-middleware@1.1.0
330 verbose addNamed "1.1.0" is a plain semver version for webpack-dev-middleware
331 silly addNameTag next cb for shortid with tag latest
332 silly addNamed shortid@2.2.2
333 verbose addNamed "2.2.2" is a plain semver version for shortid
334 silly addNameTag next cb for immutable with tag latest
335 silly addNamed immutable@3.7.4
336 verbose addNamed "3.7.4" is a plain semver version for immutable
337 silly addNameTag next cb for source-map-loader with tag latest
338 silly addNamed source-map-loader@0.1.5
339 verbose addNamed "0.1.5" is a plain semver version for source-map-loader
340 silly addNameTag next cb for redis with tag latest
341 silly addNamed redis@0.12.1
342 verbose addNamed "0.12.1" is a plain semver version for redis
343 silly mapToRegistry name react-hot-loader
344 silly mapToRegistry using default registry
345 silly mapToRegistry registry https://registry.npmjs.org/
346 silly mapToRegistry uri https://registry.npmjs.org/react-hot-loader
347 verbose addRemoteTarball https://registry.npmjs.org/react-hot-loader/-/react-hot-loader-1.2.7.tgz not in flight; adding
348 verbose addRemoteTarball [ 'https://registry.npmjs.org/react-hot-loader/-/react-hot-loader-1.2.7.tgz',
348 verbose addRemoteTarball   '602bcb4d17b1cf76cb544fb2b5f2d3d1c1905324' ]
349 silly mapToRegistry name babel-loader
350 silly mapToRegistry using default registry
351 silly mapToRegistry registry https://registry.npmjs.org/
352 silly mapToRegistry uri https://registry.npmjs.org/babel-loader
353 verbose addRemoteTarball https://registry.npmjs.org/babel-loader/-/babel-loader-5.1.4.tgz not in flight; adding
354 verbose addRemoteTarball [ 'https://registry.npmjs.org/babel-loader/-/babel-loader-5.1.4.tgz',
354 verbose addRemoteTarball   'ff034e7bcdcaee51ae9e75800cc95885a03cd09c' ]
355 silly mapToRegistry name webpack
356 silly mapToRegistry using default registry
357 silly mapToRegistry registry https://registry.npmjs.org/
358 silly mapToRegistry uri https://registry.npmjs.org/webpack
359 verbose addRemoteTarball https://registry.npmjs.org/webpack/-/webpack-1.9.11.tgz not in flight; adding
360 verbose addRemoteTarball [ 'https://registry.npmjs.org/webpack/-/webpack-1.9.11.tgz',
360 verbose addRemoteTarball   '871ce6bda47ea348b663ee47c6170db77e820895' ]
361 silly mapToRegistry name webpack-dev-middleware
362 silly mapToRegistry using default registry
363 silly mapToRegistry registry https://registry.npmjs.org/
364 silly mapToRegistry uri https://registry.npmjs.org/webpack-dev-middleware
365 verbose addRemoteTarball https://registry.npmjs.org/webpack-dev-middleware/-/webpack-dev-middleware-1.1.0.tgz not in flight; adding
366 verbose addRemoteTarball [ 'https://registry.npmjs.org/webpack-dev-middleware/-/webpack-dev-middleware-1.1.0.tgz',
366 verbose addRemoteTarball   'bc005ffbf2e1f4230e422670079cb3738f1e803f' ]
367 silly mapToRegistry name shortid
368 silly mapToRegistry using default registry
369 silly mapToRegistry registry https://registry.npmjs.org/
370 silly mapToRegistry uri https://registry.npmjs.org/shortid
371 verbose addRemoteTarball https://registry.npmjs.org/shortid/-/shortid-2.2.2.tgz not in flight; adding
372 verbose addRemoteTarball [ 'https://registry.npmjs.org/shortid/-/shortid-2.2.2.tgz',
372 verbose addRemoteTarball   '7b76bffb6b719aef8b1886dab2488fb5a97ce53a' ]
373 silly mapToRegistry name immutable
374 silly mapToRegistry using default registry
375 silly mapToRegistry registry https://registry.npmjs.org/
376 silly mapToRegistry uri https://registry.npmjs.org/immutable
377 verbose addRemoteTarball https://registry.npmjs.org/immutable/-/immutable-3.7.4.tgz not in flight; adding
378 verbose addRemoteTarball [ 'https://registry.npmjs.org/immutable/-/immutable-3.7.4.tgz',
378 verbose addRemoteTarball   '40ab3ec87b4ac95e0331a6d359a4b1fa73b2ddf3' ]
379 silly mapToRegistry name source-map-loader
380 silly mapToRegistry using default registry
381 silly mapToRegistry registry https://registry.npmjs.org/
382 silly mapToRegistry uri https://registry.npmjs.org/source-map-loader
383 verbose addRemoteTarball https://registry.npmjs.org/source-map-loader/-/source-map-loader-0.1.5.tgz not in flight; adding
384 verbose addRemoteTarball [ 'https://registry.npmjs.org/source-map-loader/-/source-map-loader-0.1.5.tgz',
384 verbose addRemoteTarball   '0ec6ca58aa0e61463a28673dd4c49e8ba67dc718' ]
385 silly mapToRegistry name redis
386 silly mapToRegistry using default registry
387 silly mapToRegistry registry https://registry.npmjs.org/
388 silly mapToRegistry uri https://registry.npmjs.org/redis
389 verbose addRemoteTarball https://registry.npmjs.org/redis/-/redis-0.12.1.tgz not in flight; adding
390 verbose addRemoteTarball [ 'https://registry.npmjs.org/redis/-/redis-0.12.1.tgz',
390 verbose addRemoteTarball   '64df76ad0fc8acebaebd2a0645e8a48fac49185e' ]
391 info retry fetch attempt 1 at 12:16:25
392 info attempt registry request try #1 at 12:16:25
393 http fetch GET https://registry.npmjs.org/react-hot-loader/-/react-hot-loader-1.2.7.tgz
394 http 200 https://registry.npmjs.org/file-loader
395 silly get cb [ 200,
395 silly get   { server: 'CouchDB/1.5.0 (Erlang OTP/R16B03)',
395 silly get     etag: '"110ILWAIO72PBGBJVW5QH86D2"',
395 silly get     'content-type': 'application/json',
395 silly get     'cache-control': 'max-age=60',
395 silly get     'content-length': '16337',
395 silly get     'accept-ranges': 'bytes',
395 silly get     date: 'Tue, 23 Jun 2015 09:16:25 GMT',
395 silly get     via: '1.1 varnish',
395 silly get     age: '22',
395 silly get     connection: 'keep-alive',
395 silly get     'x-served-by': 'cache-fra1225-FRA',
395 silly get     'x-cache': 'HIT',
395 silly get     'x-cache-hits': '1',
395 silly get     'x-timer': 'S1435050985.326815,VS0,VE0',
395 silly get     vary: 'Accept' } ]
396 verbose get saving file-loader to /home/wylie/.npm/registry.npmjs.org/file-loader/.cache.json
397 http 200 https://registry.npmjs.org/style-loader
398 silly get cb [ 200,
398 silly get   { server: 'CouchDB/1.5.0 (Erlang OTP/R16B03)',
398 silly get     etag: '"D9HT6K1WTMXOC1WBAC3JWDJXT"',
398 silly get     'content-type': 'application/json',
398 silly get     'cache-control': 'max-age=60',
398 silly get     'content-length': '28931',
398 silly get     'accept-ranges': 'bytes',
398 silly get     date: 'Tue, 23 Jun 2015 09:16:25 GMT',
398 silly get     via: '1.1 varnish',
398 silly get     age: '23',
398 silly get     connection: 'keep-alive',
398 silly get     'x-served-by': 'cache-fra1233-FRA',
398 silly get     'x-cache': 'HIT',
398 silly get     'x-cache-hits': '1',
398 silly get     'x-timer': 'S1435050985.357089,VS0,VE0',
398 silly get     vary: 'Accept' } ]
399 verbose get saving style-loader to /home/wylie/.npm/registry.npmjs.org/style-loader/.cache.json
400 http 200 https://registry.npmjs.org/extract-text-webpack-plugin
401 silly get cb [ 200,
401 silly get   { server: 'CouchDB/1.5.0 (Erlang OTP/R16B03)',
401 silly get     etag: '"7CYCMU1KZNXCRNFHUZCTLON85"',
401 silly get     'content-type': 'application/json',
401 silly get     'cache-control': 'max-age=60',
401 silly get     'content-length': '35008',
401 silly get     'accept-ranges': 'bytes',
401 silly get     date: 'Tue, 23 Jun 2015 09:16:25 GMT',
401 silly get     via: '1.1 varnish',
401 silly get     age: '22',
401 silly get     connection: 'keep-alive',
401 silly get     'x-served-by': 'cache-fra1234-FRA',
401 silly get     'x-cache': 'HIT',
401 silly get     'x-cache-hits': '1',
401 silly get     'x-timer': 'S1435050985.328513,VS0,VE0',
401 silly get     vary: 'Accept' } ]
402 verbose get saving extract-text-webpack-plugin to /home/wylie/.npm/registry.npmjs.org/extract-text-webpack-plugin/.cache.json
403 http 200 https://registry.npmjs.org/css-loader
404 silly get cb [ 200,
404 silly get   { server: 'CouchDB/1.5.0 (Erlang OTP/R16B03)',
404 silly get     etag: '"ABMVBO6IC5EOFR8OP93WX6XBE"',
404 silly get     'content-type': 'application/json',
404 silly get     'cache-control': 'max-age=60',
404 silly get     'content-length': '55703',
404 silly get     'accept-ranges': 'bytes',
404 silly get     date: 'Tue, 23 Jun 2015 09:16:25 GMT',
404 silly get     via: '1.1 varnish',
404 silly get     age: '23',
404 silly get     connection: 'keep-alive',
404 silly get     'x-served-by': 'cache-fra1222-FRA',
404 silly get     'x-cache': 'HIT',
404 silly get     'x-cache-hits': '1',
404 silly get     'x-timer': 'S1435050985.386617,VS0,VE0',
404 silly get     vary: 'Accept' } ]
405 verbose get saving css-loader to /home/wylie/.npm/registry.npmjs.org/css-loader/.cache.json
406 info retry fetch attempt 1 at 12:16:29
407 info attempt registry request try #1 at 12:16:29
408 http fetch GET https://registry.npmjs.org/babel-loader/-/babel-loader-5.1.4.tgz
409 info retry fetch attempt 1 at 12:16:29
410 info attempt registry request try #1 at 12:16:29
411 http fetch GET https://registry.npmjs.org/webpack/-/webpack-1.9.11.tgz
412 info retry fetch attempt 1 at 12:16:29
413 info attempt registry request try #1 at 12:16:29
414 http fetch GET https://registry.npmjs.org/webpack-dev-middleware/-/webpack-dev-middleware-1.1.0.tgz
415 info retry fetch attempt 1 at 12:16:29
416 info attempt registry request try #1 at 12:16:29
417 http fetch GET https://registry.npmjs.org/shortid/-/shortid-2.2.2.tgz
418 info retry fetch attempt 1 at 12:16:29
419 info attempt registry request try #1 at 12:16:29
420 http fetch GET https://registry.npmjs.org/immutable/-/immutable-3.7.4.tgz
421 info retry fetch attempt 1 at 12:16:29
422 info attempt registry request try #1 at 12:16:29
423 http fetch GET https://registry.npmjs.org/source-map-loader/-/source-map-loader-0.1.5.tgz
424 info retry fetch attempt 1 at 12:16:29
425 info attempt registry request try #1 at 12:16:29
426 http fetch GET https://registry.npmjs.org/redis/-/redis-0.12.1.tgz
427 http fetch 200 https://registry.npmjs.org/react-hot-loader/-/react-hot-loader-1.2.7.tgz
428 http 200 https://registry.npmjs.org/coffee-loader
429 silly get cb [ 200,
429 silly get   { server: 'CouchDB/1.5.0 (Erlang OTP/R16B03)',
429 silly get     etag: '"DVRD8N5UJQB6M6AND3FYWQ3LS"',
429 silly get     'content-type': 'application/json',
429 silly get     'cache-control': 'max-age=60',
429 silly get     'content-length': '13783',
429 silly get     'accept-ranges': 'bytes',
429 silly get     date: 'Tue, 23 Jun 2015 09:16:30 GMT',
429 silly get     via: '1.1 varnish',
429 silly get     age: '0',
429 silly get     connection: 'keep-alive',
429 silly get     'x-served-by': 'cache-fra1220-FRA',
429 silly get     'x-cache': 'HIT',
429 silly get     'x-cache-hits': '1',
429 silly get     'x-timer': 'S1435050990.359011,VS0,VE178',
429 silly get     vary: 'Accept' } ]
430 verbose get saving coffee-loader to /home/wylie/.npm/registry.npmjs.org/coffee-loader/.cache.json
431 http 200 https://registry.npmjs.org/webpack-dev-server
432 silly get cb [ 200,
432 silly get   { server: 'CouchDB/1.5.0 (Erlang OTP/R16B03)',
432 silly get     etag: '"7A2TIPLY4BDV2V333YYQ71RFR"',
432 silly get     'content-type': 'application/json',
432 silly get     'cache-control': 'max-age=60',
432 silly get     'content-length': '83945',
432 silly get     'accept-ranges': 'bytes',
432 silly get     date: 'Tue, 23 Jun 2015 09:16:30 GMT',
432 silly get     via: '1.1 varnish',
432 silly get     age: '54',
432 silly get     connection: 'keep-alive',
432 silly get     'x-served-by': 'cache-fra1234-FRA',
432 silly get     'x-cache': 'HIT',
432 silly get     'x-cache-hits': '1',
432 silly get     'x-timer': 'S1435050990.377737,VS0,VE0',
432 silly get     vary: 'Accept' } ]
433 verbose get saving webpack-dev-server to /home/wylie/.npm/registry.npmjs.org/webpack-dev-server/.cache.json
434 http 200 https://registry.npmjs.org/stylus-loader
435 silly get cb [ 200,
435 silly get   { server: 'CouchDB/1.5.0 (Erlang OTP/R16B03)',
435 silly get     etag: '"BXMSJIO9Y0ROQXZH0FFSLTLC7"',
435 silly get     'content-type': 'application/json',
435 silly get     'cache-control': 'max-age=60',
435 silly get     'content-length': '21104',
435 silly get     'accept-ranges': 'bytes',
435 silly get     date: 'Tue, 23 Jun 2015 09:16:30 GMT',
435 silly get     via: '1.1 varnish',
435 silly get     age: '0',
435 silly get     connection: 'keep-alive',
435 silly get     'x-served-by': 'cache-fra1233-FRA',
435 silly get     'x-cache': 'HIT',
435 silly get     'x-cache-hits': '1',
435 silly get     'x-timer': 'S1435050990.274730,VS0,VE429',
435 silly get     vary: 'Accept' } ]
436 verbose get saving stylus-loader to /home/wylie/.npm/registry.npmjs.org/stylus-loader/.cache.json
437 silly addNameTag next cb for file-loader with tag latest
438 silly addNamed file-loader@0.8.4
439 verbose addNamed "0.8.4" is a plain semver version for file-loader
440 silly addNameTag next cb for style-loader with tag latest
441 silly addNamed style-loader@0.12.3
442 verbose addNamed "0.12.3" is a plain semver version for style-loader
443 silly addNameTag next cb for extract-text-webpack-plugin with tag latest
444 silly addNamed extract-text-webpack-plugin@0.8.2
445 verbose addNamed "0.8.2" is a plain semver version for extract-text-webpack-plugin
446 silly addNameTag next cb for css-loader with tag latest
447 silly addNamed css-loader@0.15.1
448 verbose addNamed "0.15.1" is a plain semver version for css-loader
449 silly mapToRegistry name file-loader
450 silly mapToRegistry using default registry
451 silly mapToRegistry registry https://registry.npmjs.org/
452 silly mapToRegistry uri https://registry.npmjs.org/file-loader
453 verbose addRemoteTarball https://registry.npmjs.org/file-loader/-/file-loader-0.8.4.tgz not in flight; adding
454 verbose addRemoteTarball [ 'https://registry.npmjs.org/file-loader/-/file-loader-0.8.4.tgz',
454 verbose addRemoteTarball   '36cb91a1e07fb59817432a76b8408d66fbaa69c6' ]
455 silly mapToRegistry name style-loader
456 silly mapToRegistry using default registry
457 silly mapToRegistry registry https://registry.npmjs.org/
458 silly mapToRegistry uri https://registry.npmjs.org/style-loader
459 verbose addRemoteTarball https://registry.npmjs.org/style-loader/-/style-loader-0.12.3.tgz not in flight; adding
460 verbose addRemoteTarball [ 'https://registry.npmjs.org/style-loader/-/style-loader-0.12.3.tgz',
460 verbose addRemoteTarball   '967164e630e8cb28a19e53bda2485657418c7dd2' ]
461 silly mapToRegistry name extract-text-webpack-plugin
462 silly mapToRegistry using default registry
463 silly mapToRegistry registry https://registry.npmjs.org/
464 silly mapToRegistry uri https://registry.npmjs.org/extract-text-webpack-plugin
465 verbose addRemoteTarball https://registry.npmjs.org/extract-text-webpack-plugin/-/extract-text-webpack-plugin-0.8.2.tgz not in flight; adding
466 verbose addRemoteTarball [ 'https://registry.npmjs.org/extract-text-webpack-plugin/-/extract-text-webpack-plugin-0.8.2.tgz',
466 verbose addRemoteTarball   '49309df325f53affc53972f711afba2360c1914c' ]
467 silly mapToRegistry name css-loader
468 silly mapToRegistry using default registry
469 silly mapToRegistry registry https://registry.npmjs.org/
470 silly mapToRegistry uri https://registry.npmjs.org/css-loader
471 verbose addRemoteTarball https://registry.npmjs.org/css-loader/-/css-loader-0.15.1.tgz not in flight; adding
472 verbose addRemoteTarball [ 'https://registry.npmjs.org/css-loader/-/css-loader-0.15.1.tgz',
472 verbose addRemoteTarball   '4fcabe1d0aab596127870ab253cab94310778ef1' ]
473 silly addNameTag next cb for coffee-loader with tag latest
474 silly addNamed coffee-loader@0.7.2
475 verbose addNamed "0.7.2" is a plain semver version for coffee-loader
476 silly addNameTag next cb for webpack-dev-server with tag latest
477 silly addNamed webpack-dev-server@1.9.0
478 verbose addNamed "1.9.0" is a plain semver version for webpack-dev-server
479 silly addNameTag next cb for stylus-loader with tag latest
480 silly addNamed stylus-loader@1.2.1
481 verbose addNamed "1.2.1" is a plain semver version for stylus-loader
482 silly mapToRegistry name coffee-loader
483 silly mapToRegistry using default registry
484 silly mapToRegistry registry https://registry.npmjs.org/
485 silly mapToRegistry uri https://registry.npmjs.org/coffee-loader
486 verbose addRemoteTarball https://registry.npmjs.org/coffee-loader/-/coffee-loader-0.7.2.tgz not in flight; adding
487 verbose addRemoteTarball [ 'https://registry.npmjs.org/coffee-loader/-/coffee-loader-0.7.2.tgz',
487 verbose addRemoteTarball   '4d3699af8a806312db3207385a842f497c1bd6fd' ]
488 silly mapToRegistry name webpack-dev-server
489 silly mapToRegistry using default registry
490 silly mapToRegistry registry https://registry.npmjs.org/
491 silly mapToRegistry uri https://registry.npmjs.org/webpack-dev-server
492 verbose addRemoteTarball https://registry.npmjs.org/webpack-dev-server/-/webpack-dev-server-1.9.0.tgz not in flight; adding
493 verbose addRemoteTarball [ 'https://registry.npmjs.org/webpack-dev-server/-/webpack-dev-server-1.9.0.tgz',
493 verbose addRemoteTarball   '7044d787d5447be0149d14916d8444cb9f5bed72' ]
494 silly mapToRegistry name stylus-loader
495 silly mapToRegistry using default registry
496 silly mapToRegistry registry https://registry.npmjs.org/
497 silly mapToRegistry uri https://registry.npmjs.org/stylus-loader
498 verbose addRemoteTarball https://registry.npmjs.org/stylus-loader/-/stylus-loader-1.2.1.tgz not in flight; adding
499 verbose addRemoteTarball [ 'https://registry.npmjs.org/stylus-loader/-/stylus-loader-1.2.1.tgz',
499 verbose addRemoteTarball   '0f34c2b79da0ebb93959a010cec433ad1deac9e1' ]
500 info retry fetch attempt 1 at 12:16:35
501 info attempt registry request try #1 at 12:16:35
502 http fetch GET https://registry.npmjs.org/file-loader/-/file-loader-0.8.4.tgz
503 info retry fetch attempt 1 at 12:16:35
504 info attempt registry request try #1 at 12:16:35
505 http fetch GET https://registry.npmjs.org/style-loader/-/style-loader-0.12.3.tgz
506 info retry fetch attempt 1 at 12:16:35
507 info attempt registry request try #1 at 12:16:35
508 http fetch GET https://registry.npmjs.org/extract-text-webpack-plugin/-/extract-text-webpack-plugin-0.8.2.tgz
509 info retry fetch attempt 1 at 12:16:35
510 info attempt registry request try #1 at 12:16:35
511 http fetch GET https://registry.npmjs.org/css-loader/-/css-loader-0.15.1.tgz
512 http fetch 200 https://registry.npmjs.org/babel-loader/-/babel-loader-5.1.4.tgz
513 http fetch 200 https://registry.npmjs.org/webpack-dev-middleware/-/webpack-dev-middleware-1.1.0.tgz
514 http fetch 200 https://registry.npmjs.org/webpack/-/webpack-1.9.11.tgz
515 http fetch 200 https://registry.npmjs.org/shortid/-/shortid-2.2.2.tgz
516 http fetch 200 https://registry.npmjs.org/source-map-loader/-/source-map-loader-0.1.5.tgz
517 info retry fetch attempt 1 at 12:16:40
518 info attempt registry request try #1 at 12:16:40
519 http fetch GET https://registry.npmjs.org/coffee-loader/-/coffee-loader-0.7.2.tgz
520 info retry fetch attempt 1 at 12:16:40
521 info attempt registry request try #1 at 12:16:40
522 http fetch GET https://registry.npmjs.org/webpack-dev-server/-/webpack-dev-server-1.9.0.tgz
523 info retry fetch attempt 1 at 12:16:40
524 info attempt registry request try #1 at 12:16:40
525 http fetch GET https://registry.npmjs.org/stylus-loader/-/stylus-loader-1.2.1.tgz
526 silly fetchAndShaCheck shasum 602bcb4d17b1cf76cb544fb2b5f2d3d1c1905324
527 http fetch 200 https://registry.npmjs.org/immutable/-/immutable-3.7.4.tgz
528 http fetch 200 https://registry.npmjs.org/redis/-/redis-0.12.1.tgz
529 http fetch 200 https://registry.npmjs.org/file-loader/-/file-loader-0.8.4.tgz
530 silly fetchAndShaCheck shasum bc005ffbf2e1f4230e422670079cb3738f1e803f
531 silly fetchAndShaCheck shasum 0ec6ca58aa0e61463a28673dd4c49e8ba67dc718
532 verbose addTmpTarball /tmp/npm-5362-da0c9cf2/registry.npmjs.org/react-hot-loader/-/react-hot-loader-1.2.7.tgz not in flight; adding
533 verbose addTmpTarball already have metadata; skipping unpack for react-hot-loader@1.2.7
534 silly fetchAndShaCheck shasum 36cb91a1e07fb59817432a76b8408d66fbaa69c6
535 verbose addTmpTarball /tmp/npm-5362-da0c9cf2/registry.npmjs.org/webpack-dev-middleware/-/webpack-dev-middleware-1.1.0.tgz not in flight; adding
536 verbose addTmpTarball already have metadata; skipping unpack for webpack-dev-middleware@1.1.0
537 verbose addTmpTarball /tmp/npm-5362-da0c9cf2/registry.npmjs.org/source-map-loader/-/source-map-loader-0.1.5.tgz not in flight; adding
538 verbose addTmpTarball already have metadata; skipping unpack for source-map-loader@0.1.5
539 silly fetchAndShaCheck shasum ff034e7bcdcaee51ae9e75800cc95885a03cd09c
540 verbose addTmpTarball /tmp/npm-5362-da0c9cf2/registry.npmjs.org/file-loader/-/file-loader-0.8.4.tgz not in flight; adding
541 verbose addTmpTarball already have metadata; skipping unpack for file-loader@0.8.4
542 silly fetchAndShaCheck shasum 7b76bffb6b719aef8b1886dab2488fb5a97ce53a
543 verbose addTmpTarball /tmp/npm-5362-da0c9cf2/registry.npmjs.org/babel-loader/-/babel-loader-5.1.4.tgz not in flight; adding
544 verbose addTmpTarball already have metadata; skipping unpack for babel-loader@5.1.4
545 verbose addTmpTarball /tmp/npm-5362-da0c9cf2/registry.npmjs.org/shortid/-/shortid-2.2.2.tgz not in flight; adding
546 verbose addTmpTarball already have metadata; skipping unpack for shortid@2.2.2
547 silly cache afterAdd react-hot-loader@1.2.7
548 verbose afterAdd /home/wylie/.npm/react-hot-loader/1.2.7/package/package.json not in flight; writing
549 silly cache afterAdd webpack-dev-middleware@1.1.0
550 verbose afterAdd /home/wylie/.npm/webpack-dev-middleware/1.1.0/package/package.json not in flight; writing
551 silly cache afterAdd source-map-loader@0.1.5
552 verbose afterAdd /home/wylie/.npm/source-map-loader/0.1.5/package/package.json not in flight; writing
553 verbose afterAdd /home/wylie/.npm/react-hot-loader/1.2.7/package/package.json written
554 info already installed react-hot-loader@1.2.7
555 silly cache afterAdd file-loader@0.8.4
556 verbose afterAdd /home/wylie/.npm/file-loader/0.8.4/package/package.json not in flight; writing
557 silly cache afterAdd babel-loader@5.1.4
558 verbose afterAdd /home/wylie/.npm/babel-loader/5.1.4/package/package.json not in flight; writing
559 verbose afterAdd /home/wylie/.npm/webpack-dev-middleware/1.1.0/package/package.json written
560 info already installed webpack-dev-middleware@1.1.0
561 verbose afterAdd /home/wylie/.npm/source-map-loader/0.1.5/package/package.json written
562 info already installed source-map-loader@0.1.5
563 silly cache afterAdd shortid@2.2.2
564 verbose afterAdd /home/wylie/.npm/shortid/2.2.2/package/package.json not in flight; writing
565 silly fetchAndShaCheck shasum 64df76ad0fc8acebaebd2a0645e8a48fac49185e
566 verbose afterAdd /home/wylie/.npm/file-loader/0.8.4/package/package.json written
567 info already installed file-loader@0.8.4
568 verbose addTmpTarball /tmp/npm-5362-da0c9cf2/registry.npmjs.org/redis/-/redis-0.12.1.tgz not in flight; adding
569 verbose addTmpTarball already have metadata; skipping unpack for redis@0.12.1
570 verbose afterAdd /home/wylie/.npm/babel-loader/5.1.4/package/package.json written
571 info already installed babel-loader@5.1.4
572 verbose afterAdd /home/wylie/.npm/shortid/2.2.2/package/package.json written
573 info already installed shortid@2.2.2
574 silly cache afterAdd redis@0.12.1
575 verbose afterAdd /home/wylie/.npm/redis/0.12.1/package/package.json not in flight; writing
576 verbose afterAdd /home/wylie/.npm/redis/0.12.1/package/package.json written
577 info already installed redis@0.12.1
578 silly fetchAndShaCheck shasum 40ab3ec87b4ac95e0331a6d359a4b1fa73b2ddf3
579 verbose addTmpTarball /tmp/npm-5362-da0c9cf2/registry.npmjs.org/immutable/-/immutable-3.7.4.tgz not in flight; adding
580 verbose addTmpTarball already have metadata; skipping unpack for immutable@3.7.4
581 silly cache afterAdd immutable@3.7.4
582 verbose afterAdd /home/wylie/.npm/immutable/3.7.4/package/package.json not in flight; writing
583 silly fetchAndShaCheck shasum 871ce6bda47ea348b663ee47c6170db77e820895
584 verbose addTmpTarball /tmp/npm-5362-da0c9cf2/registry.npmjs.org/webpack/-/webpack-1.9.11.tgz not in flight; adding
585 verbose addTmpTarball already have metadata; skipping unpack for webpack@1.9.11
586 verbose afterAdd /home/wylie/.npm/immutable/3.7.4/package/package.json written
587 info already installed immutable@3.7.4
588 silly cache afterAdd webpack@1.9.11
589 verbose afterAdd /home/wylie/.npm/webpack/1.9.11/package/package.json not in flight; writing
590 verbose afterAdd /home/wylie/.npm/webpack/1.9.11/package/package.json written
591 info already installed webpack@1.9.11
592 http fetch 200 https://registry.npmjs.org/css-loader/-/css-loader-0.15.1.tgz
593 silly fetchAndShaCheck shasum 4fcabe1d0aab596127870ab253cab94310778ef1
594 verbose addTmpTarball /tmp/npm-5362-da0c9cf2/registry.npmjs.org/css-loader/-/css-loader-0.15.1.tgz not in flight; adding
595 verbose addTmpTarball already have metadata; skipping unpack for css-loader@0.15.1
596 silly cache afterAdd css-loader@0.15.1
597 verbose afterAdd /home/wylie/.npm/css-loader/0.15.1/package/package.json not in flight; writing
598 verbose afterAdd /home/wylie/.npm/css-loader/0.15.1/package/package.json written
599 info already installed css-loader@0.15.1
600 http fetch 200 https://registry.npmjs.org/extract-text-webpack-plugin/-/extract-text-webpack-plugin-0.8.2.tgz
601 http fetch 200 https://registry.npmjs.org/style-loader/-/style-loader-0.12.3.tgz
602 silly fetchAndShaCheck shasum 49309df325f53affc53972f711afba2360c1914c
603 verbose addTmpTarball /tmp/npm-5362-da0c9cf2/registry.npmjs.org/extract-text-webpack-plugin/-/extract-text-webpack-plugin-0.8.2.tgz not in flight; adding
604 verbose addTmpTarball already have metadata; skipping unpack for extract-text-webpack-plugin@0.8.2
605 silly fetchAndShaCheck shasum 967164e630e8cb28a19e53bda2485657418c7dd2
606 verbose addTmpTarball /tmp/npm-5362-da0c9cf2/registry.npmjs.org/style-loader/-/style-loader-0.12.3.tgz not in flight; adding
607 verbose addTmpTarball already have metadata; skipping unpack for style-loader@0.12.3
608 silly cache afterAdd extract-text-webpack-plugin@0.8.2
609 verbose afterAdd /home/wylie/.npm/extract-text-webpack-plugin/0.8.2/package/package.json not in flight; writing
610 verbose afterAdd /home/wylie/.npm/extract-text-webpack-plugin/0.8.2/package/package.json written
611 info already installed extract-text-webpack-plugin@0.8.2
612 silly cache afterAdd style-loader@0.12.3
613 verbose afterAdd /home/wylie/.npm/style-loader/0.12.3/package/package.json not in flight; writing
614 verbose afterAdd /home/wylie/.npm/style-loader/0.12.3/package/package.json written
615 info already installed style-loader@0.12.3
616 http fetch 200 https://registry.npmjs.org/coffee-loader/-/coffee-loader-0.7.2.tgz
617 silly fetchAndShaCheck shasum 4d3699af8a806312db3207385a842f497c1bd6fd
618 verbose addTmpTarball /tmp/npm-5362-da0c9cf2/registry.npmjs.org/coffee-loader/-/coffee-loader-0.7.2.tgz not in flight; adding
619 verbose addTmpTarball already have metadata; skipping unpack for coffee-loader@0.7.2
620 silly cache afterAdd coffee-loader@0.7.2
621 verbose afterAdd /home/wylie/.npm/coffee-loader/0.7.2/package/package.json not in flight; writing
622 verbose afterAdd /home/wylie/.npm/coffee-loader/0.7.2/package/package.json written
623 info already installed coffee-loader@0.7.2
624 http fetch 200 https://registry.npmjs.org/stylus-loader/-/stylus-loader-1.2.1.tgz
625 silly fetchAndShaCheck shasum 0f34c2b79da0ebb93959a010cec433ad1deac9e1
626 verbose addTmpTarball /tmp/npm-5362-da0c9cf2/registry.npmjs.org/stylus-loader/-/stylus-loader-1.2.1.tgz not in flight; adding
627 verbose addTmpTarball already have metadata; skipping unpack for stylus-loader@1.2.1
628 silly cache afterAdd stylus-loader@1.2.1
629 verbose afterAdd /home/wylie/.npm/stylus-loader/1.2.1/package/package.json not in flight; writing
630 verbose afterAdd /home/wylie/.npm/stylus-loader/1.2.1/package/package.json written
631 info already installed stylus-loader@1.2.1
632 http fetch 200 https://registry.npmjs.org/webpack-dev-server/-/webpack-dev-server-1.9.0.tgz
633 silly fetchAndShaCheck shasum 7044d787d5447be0149d14916d8444cb9f5bed72
634 verbose addTmpTarball /tmp/npm-5362-da0c9cf2/registry.npmjs.org/webpack-dev-server/-/webpack-dev-server-1.9.0.tgz not in flight; adding
635 verbose addTmpTarball already have metadata; skipping unpack for webpack-dev-server@1.9.0
636 silly cache afterAdd webpack-dev-server@1.9.0
637 verbose afterAdd /home/wylie/.npm/webpack-dev-server/1.9.0/package/package.json not in flight; writing
638 verbose afterAdd /home/wylie/.npm/webpack-dev-server/1.9.0/package/package.json written
639 info already installed webpack-dev-server@1.9.0
640 silly install resolved []
641 info build /home/wylie/Desktop/GUI_workshop
642 info linkStuff @
643 silly linkStuff @ has /home/wylie/Desktop as its parent node_modules
644 verbose linkBins @
645 verbose linkMans @
646 verbose rebuildBundles @
647 verbose rebuildBundles [ '.bin',
647 verbose rebuildBundles   'babel-core',
647 verbose rebuildBundles   'babel-loader',
647 verbose rebuildBundles   'coffee-loader',
647 verbose rebuildBundles   'coffee-script',
647 verbose rebuildBundles   'css-loader',
647 verbose rebuildBundles   'extract-text-webpack-plugin',
647 verbose rebuildBundles   'file-loader',
647 verbose rebuildBundles   'immutable',
647 verbose rebuildBundles   'node-libs-browser',
647 verbose rebuildBundles   'react',
647 verbose rebuildBundles   'react-hot-loader',
647 verbose rebuildBundles   'react-tools',
647 verbose rebuildBundles   'redis',
647 verbose rebuildBundles   'shortid',
647 verbose rebuildBundles   'source-map-loader',
647 verbose rebuildBundles   'style-loader',
647 verbose rebuildBundles   'stylus-loader',
647 verbose rebuildBundles   'webpack',
647 verbose rebuildBundles   'webpack-dev-middleware',
647 verbose rebuildBundles   'webpack-dev-server' ]
648 verbose rebuild bundle /home/wylie/Desktop/GUI_workshop/node_modules/babel-core
649 info build /home/wylie/Desktop/GUI_workshop/node_modules/babel-core
650 info preinstall babel-core@5.5.8
651 info linkStuff babel-core@5.5.8
652 silly linkStuff babel-core@5.5.8 has /home/wylie/Desktop/GUI_workshop/node_modules as its parent node_modules
653 verbose linkBins babel-core@5.5.8
654 verbose linkMans babel-core@5.5.8
655 verbose rebuildBundles babel-core@5.5.8
656 verbose rebuildBundles [ '.bin',
656 verbose rebuildBundles   'acorn-jsx',
656 verbose rebuildBundles   'ast-types',
656 verbose rebuildBundles   'bluebird',
656 verbose rebuildBundles   'chalk',
656 verbose rebuildBundles   'convert-source-map',
656 verbose rebuildBundles   'core-js',
656 verbose rebuildBundles   'debug',
656 verbose rebuildBundles   'detect-indent',
656 verbose rebuildBundles   'esquery',
656 verbose rebuildBundles   'estraverse',
656 verbose rebuildBundles   'esutils',
656 verbose rebuildBundles   'fs-readdir-recursive',
656 verbose rebuildBundles   'globals',
656 verbose rebuildBundles   'home-or-tmp',
656 verbose rebuildBundles   'is-integer',
656 verbose rebuildBundles   'js-tokens',
656 verbose rebuildBundles   'leven',
656 verbose rebuildBundles   'line-numbers',
656 verbose rebuildBundles   'lodash',
656 verbose rebuildBundles   'minimatch',
656 verbose rebuildBundles   'output-file-sync',
656 verbose rebuildBundles   'path-is-absolute',
656 verbose rebuildBundles   'private',
656 verbose rebuildBundles   'regenerator',
656 verbose rebuildBundles   'regexpu',
656 verbose rebuildBundles   'repeating',
656 verbose rebuildBundles   'resolve',
656 verbose rebuildBundles   'shebang-regex',
656 verbose rebuildBundles   'slash',
656 verbose rebuildBundles   'source-map',
656 verbose rebuildBundles   'source-map-support',
656 verbose rebuildBundles   'strip-json-comments',
656 verbose rebuildBundles   'to-fast-properties',
656 verbose rebuildBundles   'trim-right' ]
657 info install babel-core@5.5.8
658 info postinstall babel-core@5.5.8
659 verbose rebuild bundle /home/wylie/Desktop/GUI_workshop/node_modules/coffee-script
660 info build /home/wylie/Desktop/GUI_workshop/node_modules/coffee-script
661 info preinstall coffee-script@1.9.3
662 info linkStuff coffee-script@1.9.3
663 silly linkStuff coffee-script@1.9.3 has /home/wylie/Desktop/GUI_workshop/node_modules as its parent node_modules
664 warn prefer global coffee-script@1.9.3 should be installed with -g
665 verbose linkBins coffee-script@1.9.3
666 verbose link bins [ { coffee: './bin/coffee', cake: './bin/cake' },
666 verbose link bins   '/home/wylie/Desktop/GUI_workshop/node_modules/.bin',
666 verbose link bins   false ]
667 verbose linkMans coffee-script@1.9.3
668 verbose rebuildBundles coffee-script@1.9.3
669 silly gentlyRm /home/wylie/Desktop/GUI_workshop/node_modules/.bin/coffee is being purged
670 verbose gentlyRm don't care about contents; nuking /home/wylie/Desktop/GUI_workshop/node_modules/.bin/coffee
671 silly gentlyRm /home/wylie/Desktop/GUI_workshop/node_modules/.bin/cake is being purged
672 verbose gentlyRm don't care about contents; nuking /home/wylie/Desktop/GUI_workshop/node_modules/.bin/cake
673 silly vacuum-fs purging /home/wylie/Desktop/GUI_workshop/node_modules/.bin/coffee
674 silly vacuum-fs purging /home/wylie/Desktop/GUI_workshop/node_modules/.bin/cake
675 silly vacuum-fs quitting because other entries in /home/wylie/Desktop/GUI_workshop/node_modules/.bin
676 silly vacuum-fs quitting because other entries in /home/wylie/Desktop/GUI_workshop/node_modules/.bin
677 info install coffee-script@1.9.3
678 info postinstall coffee-script@1.9.3
679 verbose rebuild bundle /home/wylie/Desktop/GUI_workshop/node_modules/node-libs-browser
680 info build /home/wylie/Desktop/GUI_workshop/node_modules/node-libs-browser
681 info preinstall node-libs-browser@0.5.2
682 info linkStuff node-libs-browser@0.5.2
683 silly linkStuff node-libs-browser@0.5.2 has /home/wylie/Desktop/GUI_workshop/node_modules as its parent node_modules
684 verbose linkBins node-libs-browser@0.5.2
685 verbose linkMans node-libs-browser@0.5.2
686 verbose rebuildBundles node-libs-browser@0.5.2
687 verbose rebuildBundles [ 'assert',
687 verbose rebuildBundles   'browserify-zlib',
687 verbose rebuildBundles   'buffer',
687 verbose rebuildBundles   'console-browserify',
687 verbose rebuildBundles   'constants-browserify',
687 verbose rebuildBundles   'crypto-browserify',
687 verbose rebuildBundles   'domain-browser',
687 verbose rebuildBundles   'events',
687 verbose rebuildBundles   'http-browserify',
687 verbose rebuildBundles   'https-browserify',
687 verbose rebuildBundles   'os-browserify',
687 verbose rebuildBundles   'path-browserify',
687 verbose rebuildBundles   'process',
687 verbose rebuildBundles   'punycode',
687 verbose rebuildBundles   'querystring-es3',
687 verbose rebuildBundles   'readable-stream',
687 verbose rebuildBundles   'stream-browserify',
687 verbose rebuildBundles   'string_decoder',
687 verbose rebuildBundles   'timers-browserify',
687 verbose rebuildBundles   'tty-browserify',
687 verbose rebuildBundles   'url',
687 verbose rebuildBundles   'util',
687 verbose rebuildBundles   'vm-browserify' ]
688 info install node-libs-browser@0.5.2
689 info postinstall node-libs-browser@0.5.2
690 verbose rebuild bundle /home/wylie/Desktop/GUI_workshop/node_modules/react
691 info build /home/wylie/Desktop/GUI_workshop/node_modules/react
692 info preinstall react-tools@0.14.0-alpha3
693 info linkStuff react-tools@0.14.0-alpha3
694 silly linkStuff react-tools@0.14.0-alpha3 has /home/wylie/Desktop/GUI_workshop/node_modules as its parent node_modules
695 warn prefer global react-tools@0.14.0-alpha3 should be installed with -g
696 verbose linkBins react-tools@0.14.0-alpha3
697 verbose link bins [ { jsx: './bin/jsx' },
697 verbose link bins   '/home/wylie/Desktop/GUI_workshop/node_modules/.bin',
697 verbose link bins   false ]
698 verbose linkMans react-tools@0.14.0-alpha3
699 verbose rebuildBundles react-tools@0.14.0-alpha3
700 verbose rebuildBundles [ '.bin',
700 verbose rebuildBundles   'babel',
700 verbose rebuildBundles   'babel-eslint',
700 verbose rebuildBundles   'benchmark',
700 verbose rebuildBundles   'browserify',
700 verbose rebuildBundles   'bundle-collapser',
700 verbose rebuildBundles   'coffee-script',
700 verbose rebuildBundles   'commoner',
700 verbose rebuildBundles   'coverify',
700 verbose rebuildBundles   'derequire',
700 verbose rebuildBundles   'envify',
700 verbose rebuildBundles   'es5-shim',
700 verbose rebuildBundles   'eslint',
700 verbose rebuildBundles   'eslint-plugin-react',
700 verbose rebuildBundles   'eslint-plugin-react-internal',
700 verbose rebuildBundles   'eslint-tester',
700 verbose rebuildBundles   'grunt',
700 verbose rebuildBundles   'grunt-cli',
700 verbose rebuildBundles   'grunt-compare-size',
700 verbose rebuildBundles   'grunt-contrib-clean',
700 verbose rebuildBundles   'grunt-contrib-compress',
700 verbose rebuildBundles   'grunt-contrib-connect',
700 verbose rebuildBundles   'grunt-jest',
700 verbose rebuildBundles   'gzip-js',
700 verbose rebuildBundles   'jasmine-tapreporter',
700 verbose rebuildBundles   'jest-cli',
700 verbose rebuildBundles   'jstransform',
700 verbose rebuildBundles   'optimist',
700 verbose rebuildBundles   'phantomjs',
700 verbose rebuildBundles   'platform',
700 verbose rebuildBundles   'populist',
700 verbose rebuildBundles   'sauce-tunnel',
700 verbose rebuildBundles   'tmp',
700 verbose rebuildBundles   'typescript',
700 verbose rebuildBundles   'uglify-js',
700 verbose rebuildBundles   'uglifyify',
700 verbose rebuildBundles   'wd' ]
701 silly gentlyRm /home/wylie/Desktop/GUI_workshop/node_modules/.bin/jsx is being purged
702 verbose gentlyRm don't care about contents; nuking /home/wylie/Desktop/GUI_workshop/node_modules/.bin/jsx
703 silly vacuum-fs purging /home/wylie/Desktop/GUI_workshop/node_modules/.bin/jsx
704 silly vacuum-fs quitting because other entries in /home/wylie/Desktop/GUI_workshop/node_modules/.bin
705 info install react-tools@0.14.0-alpha3
706 info postinstall react-tools@0.14.0-alpha3
707 verbose rebuild bundle /home/wylie/Desktop/GUI_workshop/node_modules/react-tools
708 info build /home/wylie/Desktop/GUI_workshop/node_modules/react-tools
709 info preinstall react-tools@0.14.0-alpha3
710 info linkStuff react-tools@0.14.0-alpha3
711 silly linkStuff react-tools@0.14.0-alpha3 has /home/wylie/Desktop/GUI_workshop/node_modules as its parent node_modules
712 warn prefer global react-tools@0.14.0-alpha3 should be installed with -g
713 verbose linkBins react-tools@0.14.0-alpha3
714 verbose link bins [ { jsx: './bin/jsx' },
714 verbose link bins   '/home/wylie/Desktop/GUI_workshop/node_modules/.bin',
714 verbose link bins   false ]
715 verbose linkMans react-tools@0.14.0-alpha3
716 verbose rebuildBundles react-tools@0.14.0-alpha3
717 verbose rebuildBundles [ '.bin', 'commoner', 'jstransform' ]
718 silly gentlyRm /home/wylie/Desktop/GUI_workshop/node_modules/.bin/jsx is being purged
719 verbose gentlyRm don't care about contents; nuking /home/wylie/Desktop/GUI_workshop/node_modules/.bin/jsx
720 silly vacuum-fs purging /home/wylie/Desktop/GUI_workshop/node_modules/.bin/jsx
721 silly vacuum-fs quitting because other entries in /home/wylie/Desktop/GUI_workshop/node_modules/.bin
722 info install react-tools@0.14.0-alpha3
723 info postinstall react-tools@0.14.0-alpha3
724 info install @
725 info postinstall @
726 info prepublish @
727 verbose validateInstall loading /home/wylie/Desktop/GUI_workshop/package.json for validation
728 verbose stack Error: The package react-tools does not satisfy its siblings' peerDependencies requirements!
728 verbose stack     at /home/wylie/.nvm/versions/io.js/v2.0.1/lib/node_modules/npm/lib/install.js:125:32
728 verbose stack     at /home/wylie/.nvm/versions/io.js/v2.0.1/lib/node_modules/npm/lib/install.js:267:7
728 verbose stack     at /home/wylie/.nvm/versions/io.js/v2.0.1/lib/node_modules/npm/node_modules/read-installed/read-installed.js:138:5
728 verbose stack     at /home/wylie/.nvm/versions/io.js/v2.0.1/lib/node_modules/npm/node_modules/read-installed/read-installed.js:251:14
728 verbose stack     at cb (/home/wylie/.nvm/versions/io.js/v2.0.1/lib/node_modules/npm/node_modules/slide/lib/async-map.js:47:24)
728 verbose stack     at /home/wylie/.nvm/versions/io.js/v2.0.1/lib/node_modules/npm/node_modules/read-installed/read-installed.js:251:14
728 verbose stack     at cb (/home/wylie/.nvm/versions/io.js/v2.0.1/lib/node_modules/npm/node_modules/slide/lib/async-map.js:47:24)
728 verbose stack     at /home/wylie/.nvm/versions/io.js/v2.0.1/lib/node_modules/npm/node_modules/read-installed/read-installed.js:251:14
728 verbose stack     at cb (/home/wylie/.nvm/versions/io.js/v2.0.1/lib/node_modules/npm/node_modules/slide/lib/async-map.js:47:24)
728 verbose stack     at /home/wylie/.nvm/versions/io.js/v2.0.1/lib/node_modules/npm/node_modules/read-installed/read-installed.js:251:14
729 verbose cwd /home/wylie/Desktop/GUI_workshop
730 error Linux 3.13.0-55-generic
731 error argv "/home/wylie/.nvm/versions/io.js/v2.0.1/bin/iojs" "/home/wylie/.nvm/versions/io.js/v2.0.1/bin/npm" "install"
732 error node v2.0.1
733 error npm  v2.11.0
734 error code EPEERINVALID
735 error peerinvalid The package react-tools does not satisfy its siblings' peerDependencies requirements!
735 error peerinvalid Peer react-hot-loader@1.2.7 wants react-tools@>=0.11.0
736 verbose exit [ 1, true ]
